seed,1248
cribbage.RandomPlayer,P0
cribbage.RandomPlayer,P1
deal,P0,[AD,4S,7H,9S,JC,JS]
deal,P1,[3H,6H,8H,9C,9D,QD]
discard,P0,[AD,9S]
discard,P1,[9D,QD]
starter,8S
play,P0,10,JS
play,P1,19,9C
play,P0,29,JC
score,P0,1,1,go
play,P1,3,3H
play,P0,10,7H
play,P1,16,6H
play,P0,20,4S
play,P1,28,8H
score,P1,3,3,run3
score,P1,4,1,go
show,P0,8S+[4S,7H,JC,JS]
score,P0,2,1,jack,JS
score,P0,4,2,pair2,[JC,JS]
score,P0,6,2,fifteen,[7H,8S]
show,P1,8S+[3H,6H,8H,9C]
score,P1,6,2,pair2,[8H,8S]
score,P1,8,2,fifteen,[6H,9C]
show,P1,8S+[AD,9D,9S,QD]
score,P1,10,2,pair2,[9D,9S]
